<?xml version="1.0" encoding="UTF-8"?>
<!-- Generated by org.testng.reporters.JUnitXMLReporter -->
<testsuite ignored="2" hostname="LAPTOP-5F7SH6V0" failures="0" tests="1" name="Default test" time="31.932" errors="0" timestamp="2021-06-15T00:54:08 IST">
  <testcase classname="com.cyient.test.LoginTest" name="navigationTest" time="18.377"/>
  <testcase classname="com.cyient.test.LoginTest" name="validPasswordTest" time="0.0">
    <ignored/>
  </testcase> <!-- validPasswordTest -->
  <testcase classname="com.cyient.test.LoginTest" name="validCredentialTest" time="0.0">
    <ignored/>
  </testcase> <!-- validCredentialTest -->
</testsuite> <!-- Default test -->
