<?xml version="1.0" encoding="UTF-8"?>
<!-- Generated by org.testng.reporters.JUnitXMLReporter -->
<testsuite ignored="2" hostname="LAPTOP-5F7SH6V0" failures="0" tests="1" name="Default test" time="34.636" errors="0" timestamp="2021-06-19T00:23:21 IST">
  <testcase classname="com.cyient.test.LoginTest" name="navigationTest" time="21.359"/>
  <testcase classname="com.cyient.test.LoginTest" name="validPasswordTest" time="0.0">
    <ignored/>
  </testcase> <!-- validPasswordTest -->
  <testcase classname="com.cyient.test.LoginTest" name="validCredentialTest" time="0.0">
    <ignored/>
  </testcase> <!-- validCredentialTest -->
</testsuite> <!-- Default test -->
