<?xml version="1.0" encoding="UTF-8"?>
<testng-results ignored="2" total="3" passed="1" failed="0" skipped="0">
  <reporter-output>
  </reporter-output>
  <suite started-at="2021-06-15T00:53:37 IST" name="Default suite" finished-at="2021-06-15T00:54:08 IST" duration-ms="31932">
    <groups>
    </groups>
    <test started-at="2021-06-15T00:53:37 IST" name="Default test" finished-at="2021-06-15T00:54:08 IST" duration-ms="31932">
      <class name="com.cyient.test.LoginTest">
        <test-method is-config="true" signature="setup()[pri:0, instance:com.cyient.test.LoginTest@4fb3ee4e]" started-at="2021-06-15T00:53:37 IST" name="setup" finished-at="2021-06-15T00:53:49 IST" duration-ms="11972" status="PASS">
          <reporter-output>
          </reporter-output>
        </test-method> <!-- setup -->
        <test-method signature="navigationTest()[pri:0, instance:com.cyient.test.LoginTest@4fb3ee4e]" started-at="2021-06-15T00:53:49 IST" name="navigationTest" finished-at="2021-06-15T00:54:07 IST" duration-ms="18377" status="PASS">
          <reporter-output>
          </reporter-output>
        </test-method> <!-- navigationTest -->
        <test-method is-config="true" signature="teardown()[pri:0, instance:com.cyient.test.LoginTest@4fb3ee4e]" started-at="2021-06-15T00:54:07 IST" name="teardown" finished-at="2021-06-15T00:54:08 IST" duration-ms="1519" status="PASS">
          <reporter-output>
          </reporter-output>
        </test-method> <!-- teardown -->
      </class> <!-- com.cyient.test.LoginTest -->
    </test> <!-- Default test -->
  </suite> <!-- Default suite -->
</testng-results>
