<?xml version="1.0" encoding="UTF-8"?>
<testng-results ignored="2" total="3" passed="1" failed="0" skipped="0">
  <reporter-output>
  </reporter-output>
  <suite started-at="2021-06-21T11:12:20 IST" name="Default suite" finished-at="2021-06-21T11:12:55 IST" duration-ms="34624">
    <groups>
    </groups>
    <test started-at="2021-06-21T11:12:20 IST" name="Default test" finished-at="2021-06-21T11:12:55 IST" duration-ms="34624">
      <class name="com.cyient.test.LoginTest">
        <test-method is-config="true" signature="setup()[pri:0, instance:com.cyient.test.LoginTest@4fb3ee4e]" started-at="2021-06-21T11:12:21 IST" name="setup" finished-at="2021-06-21T11:12:32 IST" duration-ms="10523" status="PASS">
          <reporter-output>
          </reporter-output>
        </test-method> <!-- setup -->
        <test-method signature="navigationTest(java.lang.String)[pri:0, instance:com.cyient.test.LoginTest@4fb3ee4e]" started-at="2021-06-21T11:12:32 IST" name="navigationTest" data-provider="Sheet1" finished-at="2021-06-21T11:12:53 IST" duration-ms="21583" status="PASS">
          <params>
            <param index="0">
              <value>
                <![CDATA[This is a required field.]]>
              </value>
            </param>
          </params>
          <reporter-output>
          </reporter-output>
        </test-method> <!-- navigationTest -->
        <test-method is-config="true" signature="teardown()[pri:0, instance:com.cyient.test.LoginTest@4fb3ee4e]" started-at="2021-06-21T11:12:53 IST" name="teardown" finished-at="2021-06-21T11:12:55 IST" duration-ms="1333" status="PASS">
          <reporter-output>
          </reporter-output>
        </test-method> <!-- teardown -->
      </class> <!-- com.cyient.test.LoginTest -->
    </test> <!-- Default test -->
  </suite> <!-- Default suite -->
</testng-results>
